00:00:00.109970 VirtualBox GUI VM Selector Window 6.1.34 r150636 linux.amd64 (Apr 21 2022 20:04:42) release log
00:00:00.109971 Log opened 2022-04-25T06:26:29.193852000Z
00:00:00.109972 Build Type: release
00:00:00.109974 OS Product: Linux
00:00:00.109974 OS Release: 5.17.4-arch1-1
00:00:00.109975 OS Version: #1 SMP PREEMPT Wed, 20 Apr 2022 18:29:28 +0000
00:00:00.109989 DMI Product Name: X510UNR
00:00:00.109995 DMI Product Version: 1.0       
00:00:00.109999 Firmware type: UEFI
00:00:00.110745 Secure Boot: Disabled
00:00:00.110782 Host RAM: 15884MB (15.5GB) total, 14358MB (14.0GB) available
00:00:00.110785 Executable: /usr/lib/virtualbox/VirtualBox
00:00:00.110786 Process ID: 64520
00:00:00.110786 Package type: LINUX_64BITS_GENERIC (OSE)
00:00:00.110817 Qt version: 5.15.3
00:00:00.136126 GUI: UIMediumEnumerator: Medium-enumeration started...
00:00:00.497893 GUI: UIDesktopWidgetWatchdog::sltHandleHostScreenAvailableGeometryCalculated: Screen 0 work area is actually resized to: 20x40 x 1874x994
00:00:00.515041 GUI: UIMediumEnumerator: Medium-enumeration finished!
00:00:20.699638 GUI: UIMediumEnumerator: Medium-enumeration finished!
00:00:20.753178 GUI: UIMediumEnumerator: Medium-enumeration finished!
00:01:01.792735 GUI: UIMediumEnumerator: Medium-enumeration finished!
00:01:01.808191 GUI: UIMediumEnumerator: Medium-enumeration finished!
00:02:04.493816 GUI: UIMediumEnumerator: Medium-enumeration started...
00:02:04.516078 GUI: UIMediumEnumerator: Medium-enumeration finished!
00:02:04.927011 GUI: UIMediumEnumerator: Medium-enumeration started...
00:02:04.940904 GUI: UIMediumEnumerator: Medium-enumeration finished!
00:02:05.089314 GUI: UIMediumEnumerator: Medium-enumeration started...
00:02:05.109671 GUI: UIMediumEnumerator: Medium-enumeration finished!
00:02:05.219812 GUI: UIMediumEnumerator: Medium-enumeration started...
00:02:05.253167 GUI: UIMediumEnumerator: Medium-enumeration finished!
