00:00:00.000171 main     VirtualBox XPCOM Server 6.1.34 r150636 linux.amd64 (Apr 21 2022 20:04:42) release log
00:00:00.000173 main     Log opened 2022-04-25T06:22:33.228279000Z
00:00:00.000174 main     Build Type: release
00:00:00.000175 main     OS Product: Linux
00:00:00.000176 main     OS Release: 5.17.4-arch1-1
00:00:00.000177 main     OS Version: #1 SMP PREEMPT Wed, 20 Apr 2022 18:29:28 +0000
00:00:00.000193 main     DMI Product Name: X510UNR
00:00:00.000199 main     DMI Product Version: 1.0       
00:00:00.000203 main     Firmware type: UEFI
00:00:00.001133 main     Secure Boot: Disabled
00:00:00.001170 main     Host RAM: 15884MB (15.5GB) total, 14404MB (14.0GB) available
00:00:00.001173 main     Executable: /usr/lib/virtualbox/VBoxSVC
00:00:00.001173 main     Process ID: 42319
00:00:00.001173 main     Package type: LINUX_64BITS_GENERIC (OSE)
00:00:00.002764 main     IPC socket path: /tmp/.vbox-s4ni7y-ipc/ipcd
00:00:00.108729 nspr-2   VirtualBox: object creation starts
00:00:00.108805 nspr-2   Home directory: '/home/s4ni7y/.config/VirtualBox'
00:00:00.108937 nspr-2   Loading settings file "/home/s4ni7y/.config/VirtualBox/VirtualBox.xml" with version "1.12-linux"
00:00:00.122276 nspr-2   NetIfAdpCtlOut: VBoxNetAdpCtl: Error while retrieving link speed for wlan0: VBoxNetAdpCtl: ioctl failed: Operation not supported
00:00:00.123148 nspr-2   HostDnsMonitor: initializing
00:00:00.123470 nspr-2   NAT: resolv.conf: nameserver 192.168.123.1
00:00:00.123483 nspr-2   HostDnsMonitor: updating information
00:00:00.123495 nspr-2   HostDnsMonitor: old information
00:00:00.123497 nspr-2     no server entries
00:00:00.123499 nspr-2     no domain set
00:00:00.123501 nspr-2     no search string entries
00:00:00.123503 nspr-2   HostDnsMonitor: new information
00:00:00.123505 nspr-2     server 1: 192.168.123.1
00:00:00.123507 nspr-2     no domain set
00:00:00.123509 nspr-2     no search string entries
00:00:00.125883 nspr-2   VD: VDInit finished with VINF_SUCCESS
00:00:00.125959 nspr-2   ERROR [COM]: aRC=NS_ERROR_FAILURE (0x80004005) aIID={027bc463-929c-40e8-bf16-fea557cd8e7e} aComponent={SystemPropertiesWrap} aText={Cannot determine default Guest Additions ISO location. Most likely they are not available}, preserve=false aResultDetail=0
00:00:00.130245 nspr-2   Loading settings file "/home/s4ni7y/VirtualBox VMs/win10/mnt/WinDev2202Eval.vbox" with version "1.17-linux"
00:00:00.132477 nspr-2   VirtualBox: object created
00:00:00.592613 nspr-3   WARNING [COM]: aRC=NS_ERROR_FAILURE (0x80004005) aIID={16ced992-5fdc-4aba-aff5-6a39bbd7c38b} aComponent={HostWrap} aText={VirtualBox is not currently allowed to access USB devices.  You can change this by adding your user to the 'vboxusers' group.  Please see the user manual for a more detailed explanation}, preserve=true  aResultDetail=0
00:00:00.810315 nspr-2   WARNING [COM]: aRC=NS_ERROR_FAILURE (0x80004005) aIID={16ced992-5fdc-4aba-aff5-6a39bbd7c38b} aComponent={HostWrap} aText={VirtualBox is not currently allowed to access USB devices.  You can change this by adding your user to the 'vboxusers' group.  Please see the user manual for a more detailed explanation}, preserve=true  aResultDetail=0
00:00:00.811328 nspr-2   WARNING [COM]: aRC=NS_ERROR_FAILURE (0x80004005) aIID={16ced992-5fdc-4aba-aff5-6a39bbd7c38b} aComponent={HostWrap} aText={VirtualBox is not currently allowed to access USB devices.  You can change this by adding your user to the 'vboxusers' group.  Please see the user manual for a more detailed explanation}, preserve=true  aResultDetail=0
00:00:22.782375 nspr-2   Saving settings file "/home/s4ni7y/.config/VirtualBox/VirtualBox.xml" with version "1.14-linux"
00:00:25.748043 nspr-2   NetIfAdpCtlOut: VBoxNetAdpCtl: Error while retrieving link speed for wlan0: VBoxNetAdpCtl: ioctl failed: Operation not supported
00:00:25.767445 nspr-2   NetIfAdpCtlOut: VBoxNetAdpCtl: Error while retrieving link speed for wlan0: VBoxNetAdpCtl: ioctl failed: Operation not supported
00:00:30.197502 nspr-4   Saving settings file "/home/s4ni7y/VirtualBox VMs/win10/mnt/WinDev2202Eval.vbox" with version "1.17-linux"
00:00:30.284240 nspr-2   WARNING [COM]: aRC=NS_ERROR_FAILURE (0x80004005) aIID={16ced992-5fdc-4aba-aff5-6a39bbd7c38b} aComponent={HostWrap} aText={VirtualBox is not currently allowed to access USB devices.  You can change this by adding your user to the 'vboxusers' group.  Please see the user manual for a more detailed explanation}, preserve=true  aResultDetail=0
00:00:30.285198 nspr-2   WARNING [COM]: aRC=NS_ERROR_FAILURE (0x80004005) aIID={16ced992-5fdc-4aba-aff5-6a39bbd7c38b} aComponent={HostWrap} aText={VirtualBox is not currently allowed to access USB devices.  You can change this by adding your user to the 'vboxusers' group.  Please see the user manual for a more detailed explanation}, preserve=true  aResultDetail=0
00:00:37.556942 nspr-3   NetIfAdpCtlOut: VBoxNetAdpCtl: Error while retrieving link speed for wlan0: VBoxNetAdpCtl: ioctl failed: Operation not supported
00:00:39.954695 nspr-4   Saving settings file "/home/s4ni7y/.config/VirtualBox/VirtualBox.xml" with version "1.14-linux"
00:00:39.966308 nspr-4   Saving settings file "/home/s4ni7y/.config/VirtualBox/VirtualBox.xml" with version "1.14-linux"
00:01:40.491782 nspr-3   Saving settings file "/home/s4ni7y/.config/VirtualBox/VirtualBox.xml" with version "1.14-linux"
00:01:55.816507 nspr-2   NetIfAdpCtlOut: VBoxNetAdpCtl: Error while retrieving link speed for wlan0: VBoxNetAdpCtl: ioctl failed: Operation not supported
00:01:55.837294 nspr-4   NetIfAdpCtl: failed to create process for /usr/lib/virtualbox/VBoxNetAdpCtl: iStats=38 enmReason=1
00:01:55.837314 nspr-4   Failed to EnableStaticIpConfig with rc=VERR_ACCESS_DENIED
00:01:57.032874 nspr-3   NetIfAdpCtlOut: VBoxNetAdpCtl: Error while retrieving link speed for wlan0: VBoxNetAdpCtl: ioctl failed: Operation not supported
00:02:23.519889 nspr-2   NetIfAdpCtlOut: VBoxNetAdpCtl: Error while retrieving link speed for wlan0: VBoxNetAdpCtl: ioctl failed: Operation not supported
00:02:23.540617 nspr-2   NetIfAdpCtlOut: VBoxNetAdpCtl: Error while retrieving link speed for wlan0: VBoxNetAdpCtl: ioctl failed: Operation not supported
00:02:24.892925 nspr-2   Saving settings file "/home/s4ni7y/VirtualBox VMs/win10/mnt/WinDev2202Eval.vbox" with version "1.17-linux"
00:02:24.959580 nspr-2   WARNING [COM]: aRC=NS_ERROR_FAILURE (0x80004005) aIID={16ced992-5fdc-4aba-aff5-6a39bbd7c38b} aComponent={HostWrap} aText={VirtualBox is not currently allowed to access USB devices.  You can change this by adding your user to the 'vboxusers' group.  Please see the user manual for a more detailed explanation}, preserve=true  aResultDetail=0
00:02:24.961075 nspr-2   WARNING [COM]: aRC=NS_ERROR_FAILURE (0x80004005) aIID={16ced992-5fdc-4aba-aff5-6a39bbd7c38b} aComponent={HostWrap} aText={VirtualBox is not currently allowed to access USB devices.  You can change this by adding your user to the 'vboxusers' group.  Please see the user manual for a more detailed explanation}, preserve=true  aResultDetail=0
00:02:28.259987 nspr-2   Launched VM: 1946169696 pid: 56175 (0xdb6f) frontend: GUI/Qt name: WinDev2202Eval
00:02:28.333300 nspr-2   WARNING [COM]: aRC=NS_ERROR_FAILURE (0x80004005) aIID={16ced992-5fdc-4aba-aff5-6a39bbd7c38b} aComponent={HostWrap} aText={VirtualBox is not currently allowed to access USB devices.  You can change this by adding your user to the 'vboxusers' group.  Please see the user manual for a more detailed explanation}, preserve=true  aResultDetail=0
00:02:28.334103 nspr-2   WARNING [COM]: aRC=NS_ERROR_FAILURE (0x80004005) aIID={16ced992-5fdc-4aba-aff5-6a39bbd7c38b} aComponent={HostWrap} aText={VirtualBox is not currently allowed to access USB devices.  You can change this by adding your user to the 'vboxusers' group.  Please see the user manual for a more detailed explanation}, preserve=true  aResultDetail=0
00:02:28.485818 nspr-6   WARNING [COM]: aRC=NS_ERROR_FAILURE (0x80004005) aIID={16ced992-5fdc-4aba-aff5-6a39bbd7c38b} aComponent={HostWrap} aText={VirtualBox is not currently allowed to access USB devices.  You can change this by adding your user to the 'vboxusers' group.  Please see the user manual for a more detailed explanation}, preserve=true  aResultDetail=0
00:02:28.486587 nspr-6   WARNING [COM]: aRC=NS_ERROR_FAILURE (0x80004005) aIID={16ced992-5fdc-4aba-aff5-6a39bbd7c38b} aComponent={HostWrap} aText={VirtualBox is not currently allowed to access USB devices.  You can change this by adding your user to the 'vboxusers' group.  Please see the user manual for a more detailed explanation}, preserve=true  aResultDetail=0
00:02:29.011864 nspr-4   WARNING [COM]: aRC=NS_ERROR_FAILURE (0x80004005) aIID={16ced992-5fdc-4aba-aff5-6a39bbd7c38b} aComponent={HostWrap} aText={VirtualBox is not currently allowed to access USB devices.  You can change this by adding your user to the 'vboxusers' group.  Please see the user manual for a more detailed explanation}, preserve=true  aResultDetail=0
00:02:29.012524 nspr-2   WARNING [COM]: aRC=NS_ERROR_FAILURE (0x80004005) aIID={16ced992-5fdc-4aba-aff5-6a39bbd7c38b} aComponent={HostWrap} aText={VirtualBox is not currently allowed to access USB devices.  You can change this by adding your user to the 'vboxusers' group.  Please see the user manual for a more detailed explanation}, preserve=true  aResultDetail=0
00:02:29.012700 nspr-2   ERROR [COM]: aRC=VBOX_E_OBJECT_NOT_FOUND (0x80bb0001) aIID={70401eef-c8e9-466b-9660-45cb3e9979e4} aComponent={ExtPackManagerWrap} aText={No extension pack by the name 'Oracle VM VirtualBox Extension Pack' was found}, preserve=false aResultDetail=0
00:02:29.043814 nspr-4   WARNING [COM]: aRC=NS_ERROR_FAILURE (0x80004005) aIID={16ced992-5fdc-4aba-aff5-6a39bbd7c38b} aComponent={HostWrap} aText={VirtualBox is not currently allowed to access USB devices.  You can change this by adding your user to the 'vboxusers' group.  Please see the user manual for a more detailed explanation}, preserve=true  aResultDetail=0
00:02:29.044376 nspr-2   WARNING [COM]: aRC=NS_ERROR_FAILURE (0x80004005) aIID={16ced992-5fdc-4aba-aff5-6a39bbd7c38b} aComponent={HostWrap} aText={VirtualBox is not currently allowed to access USB devices.  You can change this by adding your user to the 'vboxusers' group.  Please see the user manual for a more detailed explanation}, preserve=true  aResultDetail=0
00:02:29.061889 nspr-4   ERROR [COM]: aRC=VBOX_E_IPRT_ERROR (0x80bb0005) aIID={85632c68-b5bb-4316-a900-5eb28d3413df} aComponent={SessionMachine} aText={Saved screenshot data is not available (VERR_NOT_SUPPORTED)}, preserve=false aResultDetail=-37
00:02:29.080556 nspr-4   NetIfAdpCtlOut: VBoxNetAdpCtl: Error while retrieving link speed for wlan0: VBoxNetAdpCtl: ioctl failed: Operation not supported
00:02:31.568595 nspr-6   WARNING [COM]: aRC=NS_ERROR_FAILURE (0x80004005) aIID={16ced992-5fdc-4aba-aff5-6a39bbd7c38b} aComponent={HostWrap} aText={VirtualBox is not currently allowed to access USB devices.  You can change this by adding your user to the 'vboxusers' group.  Please see the user manual for a more detailed explanation}, preserve=true  aResultDetail=0
00:02:32.124070 nspr-6   NetIfAdpCtlOut: VBoxNetAdpCtl: Error while retrieving link speed for wlan0: VBoxNetAdpCtl: ioctl failed: Operation not supported
00:02:32.144771 nspr-6   NetIfAdpCtlOut: VBoxNetAdpCtl: Error while retrieving link speed for wlan0: VBoxNetAdpCtl: ioctl failed: Operation not supported
00:02:32.171733 nspr-6   WARNING [COM]: aRC=NS_ERROR_FAILURE (0x80004005) aIID={16ced992-5fdc-4aba-aff5-6a39bbd7c38b} aComponent={HostWrap} aText={VirtualBox is not currently allowed to access USB devices.  You can change this by adding your user to the 'vboxusers' group.  Please see the user manual for a more detailed explanation}, preserve=true  aResultDetail=0
00:02:32.172097 nspr-4   WARNING [COM]: aRC=NS_ERROR_FAILURE (0x80004005) aIID={16ced992-5fdc-4aba-aff5-6a39bbd7c38b} aComponent={HostWrap} aText={VirtualBox is not currently allowed to access USB devices.  You can change this by adding your user to the 'vboxusers' group.  Please see the user manual for a more detailed explanation}, preserve=true  aResultDetail=0
00:02:37.847838 nspr-5   WARNING [COM]: aRC=NS_ERROR_FAILURE (0x80004005) aIID={16ced992-5fdc-4aba-aff5-6a39bbd7c38b} aComponent={HostWrap} aText={VirtualBox is not currently allowed to access USB devices.  You can change this by adding your user to the 'vboxusers' group.  Please see the user manual for a more detailed explanation}, preserve=true  aResultDetail=0
00:02:37.848479 nspr-5   Saving settings file "/home/s4ni7y/VirtualBox VMs/win10/mnt/WinDev2202Eval.vbox" with version "1.17-linux"
00:02:37.891850 nspr-4   WARNING [COM]: aRC=NS_ERROR_FAILURE (0x80004005) aIID={16ced992-5fdc-4aba-aff5-6a39bbd7c38b} aComponent={HostWrap} aText={VirtualBox is not currently allowed to access USB devices.  You can change this by adding your user to the 'vboxusers' group.  Please see the user manual for a more detailed explanation}, preserve=true  aResultDetail=0
00:02:37.892860 nspr-4   WARNING [COM]: aRC=NS_ERROR_FAILURE (0x80004005) aIID={16ced992-5fdc-4aba-aff5-6a39bbd7c38b} aComponent={HostWrap} aText={VirtualBox is not currently allowed to access USB devices.  You can change this by adding your user to the 'vboxusers' group.  Please see the user manual for a more detailed explanation}, preserve=true  aResultDetail=0
00:02:37.908066 nspr-4   Saving settings file "/home/s4ni7y/VirtualBox VMs/win10/mnt/WinDev2202Eval.vbox" with version "1.17-linux"
00:02:37.914016 nspr-4   ERROR [COM]: aRC=NS_ERROR_FAILURE (0x80004005) aIID={ad47ad09-787b-44ab-b343-a082a3f2dfb1} aComponent={MediumWrap} aText={Could not open the medium '/home/s4ni7y/VirtualBox VMs/win10/mnt/Snapshots/{9c10c140-dd16-4b07-a747-ba07ce6b4933}.vdi'.
00:02:37.914022 nspr-4   VD: error VERR_FILE_NOT_FOUND opening image file '/home/s4ni7y/VirtualBox VMs/win10/mnt/Snapshots/{9c10c140-dd16-4b07-a747-ba07ce6b4933}.vdi' (VERR_FILE_NOT_FOUND)}, preserve=true  aResultDetail=0
00:02:37.914097 nspr-4   ERROR [COM]: aRC=NS_ERROR_FAILURE (0x80004005) aIID={ad47ad09-787b-44ab-b343-a082a3f2dfb1} aComponent={MediumWrap} aText={Could not open the medium '/home/s4ni7y/VirtualBox VMs/win10/mnt/Snapshots/{283f9460-8029-476f-b320-96a94c736737}.vdi'.
00:02:37.914101 nspr-4   VD: error VERR_FILE_NOT_FOUND opening image file '/home/s4ni7y/VirtualBox VMs/win10/mnt/Snapshots/{283f9460-8029-476f-b320-96a94c736737}.vdi' (VERR_FILE_NOT_FOUND)}, preserve=true  aResultDetail=0
00:02:37.914157 nspr-4   ERROR [COM]: aRC=NS_ERROR_FAILURE (0x80004005) aIID={ad47ad09-787b-44ab-b343-a082a3f2dfb1} aComponent={MediumWrap} aText={Could not open the medium '/home/s4ni7y/VirtualBox VMs/win10/mnt/Snapshots/{cb7dec0d-3170-4513-8018-353e838d0fef}.vdi'.
00:02:37.914160 nspr-4   VD: error VERR_FILE_NOT_FOUND opening image file '/home/s4ni7y/VirtualBox VMs/win10/mnt/Snapshots/{cb7dec0d-3170-4513-8018-353e838d0fef}.vdi' (VERR_FILE_NOT_FOUND)}, preserve=true  aResultDetail=0
00:02:37.914219 nspr-4   ERROR [COM]: aRC=NS_ERROR_FAILURE (0x80004005) aIID={ad47ad09-787b-44ab-b343-a082a3f2dfb1} aComponent={MediumWrap} aText={Could not open the medium '/home/s4ni7y/VirtualBox VMs/win10/mnt/Snapshots/{f2449274-7cf3-47fe-80db-6c91fee9f31d}.vdi'.
00:02:37.914222 nspr-4   VD: error VERR_FILE_NOT_FOUND opening image file '/home/s4ni7y/VirtualBox VMs/win10/mnt/Snapshots/{f2449274-7cf3-47fe-80db-6c91fee9f31d}.vdi' (VERR_FILE_NOT_FOUND)}, preserve=true  aResultDetail=0
00:02:37.914284 nspr-4   ERROR [COM]: aRC=NS_ERROR_FAILURE (0x80004005) aIID={ad47ad09-787b-44ab-b343-a082a3f2dfb1} aComponent={MediumWrap} aText={Could not open the medium '/home/s4ni7y/VirtualBox VMs/win10/mnt/Snapshots/{2745a1e3-5ab8-4063-a6f2-c24828f6ed00}.vdi'.
00:02:37.914287 nspr-4   VD: error VERR_FILE_NOT_FOUND opening image file '/home/s4ni7y/VirtualBox VMs/win10/mnt/Snapshots/{2745a1e3-5ab8-4063-a6f2-c24828f6ed00}.vdi' (VERR_FILE_NOT_FOUND)}, preserve=true  aResultDetail=0
00:02:37.918074 nspr-8   Saving settings file "/home/s4ni7y/VirtualBox VMs/win10/mnt/WinDev2202Eval.vbox" with version "1.17-linux"
00:02:38.515583 nspr-3   WARNING [COM]: aRC=NS_ERROR_FAILURE (0x80004005) aIID={16ced992-5fdc-4aba-aff5-6a39bbd7c38b} aComponent={HostWrap} aText={VirtualBox is not currently allowed to access USB devices.  You can change this by adding your user to the 'vboxusers' group.  Please see the user manual for a more detailed explanation}, preserve=true  aResultDetail=0
00:02:38.516503 nspr-5   WARNING [COM]: aRC=NS_ERROR_FAILURE (0x80004005) aIID={16ced992-5fdc-4aba-aff5-6a39bbd7c38b} aComponent={HostWrap} aText={VirtualBox is not currently allowed to access USB devices.  You can change this by adding your user to the 'vboxusers' group.  Please see the user manual for a more detailed explanation}, preserve=true  aResultDetail=0
00:02:38.979501 nspr-4   WARNING [COM]: aRC=NS_ERROR_FAILURE (0x80004005) aIID={16ced992-5fdc-4aba-aff5-6a39bbd7c38b} aComponent={HostWrap} aText={VirtualBox is not currently allowed to access USB devices.  You can change this by adding your user to the 'vboxusers' group.  Please see the user manual for a more detailed explanation}, preserve=true  aResultDetail=0
00:02:38.980438 nspr-8   WARNING [COM]: aRC=NS_ERROR_FAILURE (0x80004005) aIID={16ced992-5fdc-4aba-aff5-6a39bbd7c38b} aComponent={HostWrap} aText={VirtualBox is not currently allowed to access USB devices.  You can change this by adding your user to the 'vboxusers' group.  Please see the user manual for a more detailed explanation}, preserve=true  aResultDetail=0
00:02:48.316410 nspr-3   WARNING [COM]: aRC=NS_ERROR_FAILURE (0x80004005) aIID={16ced992-5fdc-4aba-aff5-6a39bbd7c38b} aComponent={HostWrap} aText={VirtualBox is not currently allowed to access USB devices.  You can change this by adding your user to the 'vboxusers' group.  Please see the user manual for a more detailed explanation}, preserve=true  aResultDetail=0
00:02:48.859718 nspr-2   NetIfAdpCtlOut: VBoxNetAdpCtl: Error while retrieving link speed for wlan0: VBoxNetAdpCtl: ioctl failed: Operation not supported
00:02:48.881377 nspr-2   NetIfAdpCtlOut: VBoxNetAdpCtl: Error while retrieving link speed for wlan0: VBoxNetAdpCtl: ioctl failed: Operation not supported
00:02:48.900424 nspr-3   WARNING [COM]: aRC=NS_ERROR_FAILURE (0x80004005) aIID={16ced992-5fdc-4aba-aff5-6a39bbd7c38b} aComponent={HostWrap} aText={VirtualBox is not currently allowed to access USB devices.  You can change this by adding your user to the 'vboxusers' group.  Please see the user manual for a more detailed explanation}, preserve=true  aResultDetail=0
00:02:48.900803 nspr-9   WARNING [COM]: aRC=NS_ERROR_FAILURE (0x80004005) aIID={16ced992-5fdc-4aba-aff5-6a39bbd7c38b} aComponent={HostWrap} aText={VirtualBox is not currently allowed to access USB devices.  You can change this by adding your user to the 'vboxusers' group.  Please see the user manual for a more detailed explanation}, preserve=true  aResultDetail=0
00:02:48.976642 nspr-9   WARNING [COM]: aRC=NS_ERROR_FAILURE (0x80004005) aIID={16ced992-5fdc-4aba-aff5-6a39bbd7c38b} aComponent={HostWrap} aText={VirtualBox is not currently allowed to access USB devices.  You can change this by adding your user to the 'vboxusers' group.  Please see the user manual for a more detailed explanation}, preserve=true  aResultDetail=0
00:02:48.977444 nspr-5   WARNING [COM]: aRC=NS_ERROR_FAILURE (0x80004005) aIID={16ced992-5fdc-4aba-aff5-6a39bbd7c38b} aComponent={HostWrap} aText={VirtualBox is not currently allowed to access USB devices.  You can change this by adding your user to the 'vboxusers' group.  Please see the user manual for a more detailed explanation}, preserve=true  aResultDetail=0
00:03:07.600725 nspr-6   Saving settings file "/home/s4ni7y/.config/VirtualBox/VirtualBox.xml" with version "1.14-linux"
00:03:07.614565 nspr-3   Saving settings file "/home/s4ni7y/.config/VirtualBox/VirtualBox.xml" with version "1.14-linux"
00:03:26.478671 nspr-4   ERROR [COM]: aRC=VBOX_E_OBJECT_NOT_FOUND (0x80bb0001) aIID={85632c68-b5bb-4316-a900-5eb28d3413df} aComponent={SessionMachine} aText={No storage device attached to device slot 0 on port 0 of controller 'SATA'}, preserve=false aResultDetail=0
00:03:26.510158 nspr-2   WARNING [COM]: aRC=NS_ERROR_FAILURE (0x80004005) aIID={16ced992-5fdc-4aba-aff5-6a39bbd7c38b} aComponent={HostWrap} aText={VirtualBox is not currently allowed to access USB devices.  You can change this by adding your user to the 'vboxusers' group.  Please see the user manual for a more detailed explanation}, preserve=true  aResultDetail=0
00:03:26.510652 nspr-6   Saving settings file "/home/s4ni7y/VirtualBox VMs/win10/mnt/WinDev2202Eval.vbox" with version "1.17-linux"
00:03:26.569964 nspr-5   WARNING [COM]: aRC=NS_ERROR_FAILURE (0x80004005) aIID={16ced992-5fdc-4aba-aff5-6a39bbd7c38b} aComponent={HostWrap} aText={VirtualBox is not currently allowed to access USB devices.  You can change this by adding your user to the 'vboxusers' group.  Please see the user manual for a more detailed explanation}, preserve=true  aResultDetail=0
00:03:26.570707 nspr-3   WARNING [COM]: aRC=NS_ERROR_FAILURE (0x80004005) aIID={16ced992-5fdc-4aba-aff5-6a39bbd7c38b} aComponent={HostWrap} aText={VirtualBox is not currently allowed to access USB devices.  You can change this by adding your user to the 'vboxusers' group.  Please see the user manual for a more detailed explanation}, preserve=true  aResultDetail=0
00:03:28.640754 nspr-2   Launched VM: 2014082768 pid: 61898 (0xf1ca) frontend: GUI/Qt name: WinDev2202Eval
00:03:28.703313 nspr-5   WARNING [COM]: aRC=NS_ERROR_FAILURE (0x80004005) aIID={16ced992-5fdc-4aba-aff5-6a39bbd7c38b} aComponent={HostWrap} aText={VirtualBox is not currently allowed to access USB devices.  You can change this by adding your user to the 'vboxusers' group.  Please see the user manual for a more detailed explanation}, preserve=true  aResultDetail=0
00:03:28.704184 nspr-9   WARNING [COM]: aRC=NS_ERROR_FAILURE (0x80004005) aIID={16ced992-5fdc-4aba-aff5-6a39bbd7c38b} aComponent={HostWrap} aText={VirtualBox is not currently allowed to access USB devices.  You can change this by adding your user to the 'vboxusers' group.  Please see the user manual for a more detailed explanation}, preserve=true  aResultDetail=0
00:03:28.856907 nspr-6   WARNING [COM]: aRC=NS_ERROR_FAILURE (0x80004005) aIID={16ced992-5fdc-4aba-aff5-6a39bbd7c38b} aComponent={HostWrap} aText={VirtualBox is not currently allowed to access USB devices.  You can change this by adding your user to the 'vboxusers' group.  Please see the user manual for a more detailed explanation}, preserve=true  aResultDetail=0
00:03:28.857815 nspr-6   WARNING [COM]: aRC=NS_ERROR_FAILURE (0x80004005) aIID={16ced992-5fdc-4aba-aff5-6a39bbd7c38b} aComponent={HostWrap} aText={VirtualBox is not currently allowed to access USB devices.  You can change this by adding your user to the 'vboxusers' group.  Please see the user manual for a more detailed explanation}, preserve=true  aResultDetail=0
00:03:29.362611 nspr-5   WARNING [COM]: aRC=NS_ERROR_FAILURE (0x80004005) aIID={16ced992-5fdc-4aba-aff5-6a39bbd7c38b} aComponent={HostWrap} aText={VirtualBox is not currently allowed to access USB devices.  You can change this by adding your user to the 'vboxusers' group.  Please see the user manual for a more detailed explanation}, preserve=true  aResultDetail=0
00:03:29.363507 nspr-4   WARNING [COM]: aRC=NS_ERROR_FAILURE (0x80004005) aIID={16ced992-5fdc-4aba-aff5-6a39bbd7c38b} aComponent={HostWrap} aText={VirtualBox is not currently allowed to access USB devices.  You can change this by adding your user to the 'vboxusers' group.  Please see the user manual for a more detailed explanation}, preserve=true  aResultDetail=0
00:03:29.363727 nspr-7   ERROR [COM]: aRC=VBOX_E_OBJECT_NOT_FOUND (0x80bb0001) aIID={70401eef-c8e9-466b-9660-45cb3e9979e4} aComponent={ExtPackManagerWrap} aText={No extension pack by the name 'Oracle VM VirtualBox Extension Pack' was found}, preserve=false aResultDetail=0
00:03:29.395861 nspr-4   WARNING [COM]: aRC=NS_ERROR_FAILURE (0x80004005) aIID={16ced992-5fdc-4aba-aff5-6a39bbd7c38b} aComponent={HostWrap} aText={VirtualBox is not currently allowed to access USB devices.  You can change this by adding your user to the 'vboxusers' group.  Please see the user manual for a more detailed explanation}, preserve=true  aResultDetail=0
00:03:29.396340 nspr-7   WARNING [COM]: aRC=NS_ERROR_FAILURE (0x80004005) aIID={16ced992-5fdc-4aba-aff5-6a39bbd7c38b} aComponent={HostWrap} aText={VirtualBox is not currently allowed to access USB devices.  You can change this by adding your user to the 'vboxusers' group.  Please see the user manual for a more detailed explanation}, preserve=true  aResultDetail=0
00:03:29.413564 nspr-2   ERROR [COM]: aRC=VBOX_E_IPRT_ERROR (0x80bb0005) aIID={85632c68-b5bb-4316-a900-5eb28d3413df} aComponent={SessionMachine} aText={Saved screenshot data is not available (VERR_NOT_SUPPORTED)}, preserve=false aResultDetail=-37
00:03:29.430222 nspr-5   NetIfAdpCtlOut: VBoxNetAdpCtl: Error while retrieving link speed for wlan0: VBoxNetAdpCtl: ioctl failed: Operation not supported
00:03:29.468133 nspr-8   Saving settings file "/home/s4ni7y/VirtualBox VMs/win10/mnt/WinDev2202Eval.vbox" with version "1.17-linux"
00:03:29.474296 nspr-8   ERROR [COM]: aRC=NS_ERROR_FAILURE (0x80004005) aIID={ad47ad09-787b-44ab-b343-a082a3f2dfb1} aComponent={MediumWrap} aText={Could not open the medium '/home/s4ni7y/VirtualBox VMs/win10/mnt/Snapshots/{9c10c140-dd16-4b07-a747-ba07ce6b4933}.vdi'.
00:03:29.474302 nspr-8   VD: error VERR_FILE_NOT_FOUND opening image file '/home/s4ni7y/VirtualBox VMs/win10/mnt/Snapshots/{9c10c140-dd16-4b07-a747-ba07ce6b4933}.vdi' (VERR_FILE_NOT_FOUND)}, preserve=true  aResultDetail=0
00:03:29.474503 nspr-8   ERROR [COM]: aRC=NS_ERROR_FAILURE (0x80004005) aIID={ad47ad09-787b-44ab-b343-a082a3f2dfb1} aComponent={MediumWrap} aText={Could not open the medium '/home/s4ni7y/VirtualBox VMs/win10/mnt/Snapshots/{283f9460-8029-476f-b320-96a94c736737}.vdi'.
00:03:29.474506 nspr-8   VD: error VERR_FILE_NOT_FOUND opening image file '/home/s4ni7y/VirtualBox VMs/win10/mnt/Snapshots/{283f9460-8029-476f-b320-96a94c736737}.vdi' (VERR_FILE_NOT_FOUND)}, preserve=true  aResultDetail=0
00:03:29.474560 nspr-8   ERROR [COM]: aRC=NS_ERROR_FAILURE (0x80004005) aIID={ad47ad09-787b-44ab-b343-a082a3f2dfb1} aComponent={MediumWrap} aText={Could not open the medium '/home/s4ni7y/VirtualBox VMs/win10/mnt/Snapshots/{cb7dec0d-3170-4513-8018-353e838d0fef}.vdi'.
00:03:29.474564 nspr-8   VD: error VERR_FILE_NOT_FOUND opening image file '/home/s4ni7y/VirtualBox VMs/win10/mnt/Snapshots/{cb7dec0d-3170-4513-8018-353e838d0fef}.vdi' (VERR_FILE_NOT_FOUND)}, preserve=true  aResultDetail=0
00:03:29.474621 nspr-8   ERROR [COM]: aRC=NS_ERROR_FAILURE (0x80004005) aIID={ad47ad09-787b-44ab-b343-a082a3f2dfb1} aComponent={MediumWrap} aText={Could not open the medium '/home/s4ni7y/VirtualBox VMs/win10/mnt/Snapshots/{f2449274-7cf3-47fe-80db-6c91fee9f31d}.vdi'.
00:03:29.474624 nspr-8   VD: error VERR_FILE_NOT_FOUND opening image file '/home/s4ni7y/VirtualBox VMs/win10/mnt/Snapshots/{f2449274-7cf3-47fe-80db-6c91fee9f31d}.vdi' (VERR_FILE_NOT_FOUND)}, preserve=true  aResultDetail=0
00:03:29.474681 nspr-8   ERROR [COM]: aRC=NS_ERROR_FAILURE (0x80004005) aIID={ad47ad09-787b-44ab-b343-a082a3f2dfb1} aComponent={MediumWrap} aText={Could not open the medium '/home/s4ni7y/VirtualBox VMs/win10/mnt/Snapshots/{2745a1e3-5ab8-4063-a6f2-c24828f6ed00}.vdi'.
00:03:29.474683 nspr-8   VD: error VERR_FILE_NOT_FOUND opening image file '/home/s4ni7y/VirtualBox VMs/win10/mnt/Snapshots/{2745a1e3-5ab8-4063-a6f2-c24828f6ed00}.vdi' (VERR_FILE_NOT_FOUND)}, preserve=true  aResultDetail=0
00:03:29.478319 nspr-5   Saving settings file "/home/s4ni7y/VirtualBox VMs/win10/mnt/WinDev2202Eval.vbox" with version "1.17-linux"
00:03:30.058264 nspr-8   WARNING [COM]: aRC=NS_ERROR_FAILURE (0x80004005) aIID={16ced992-5fdc-4aba-aff5-6a39bbd7c38b} aComponent={HostWrap} aText={VirtualBox is not currently allowed to access USB devices.  You can change this by adding your user to the 'vboxusers' group.  Please see the user manual for a more detailed explanation}, preserve=true  aResultDetail=0
00:03:30.059104 nspr-6   WARNING [COM]: aRC=NS_ERROR_FAILURE (0x80004005) aIID={16ced992-5fdc-4aba-aff5-6a39bbd7c38b} aComponent={HostWrap} aText={VirtualBox is not currently allowed to access USB devices.  You can change this by adding your user to the 'vboxusers' group.  Please see the user manual for a more detailed explanation}, preserve=true  aResultDetail=0
00:03:30.532890 nspr-5   WARNING [COM]: aRC=NS_ERROR_FAILURE (0x80004005) aIID={16ced992-5fdc-4aba-aff5-6a39bbd7c38b} aComponent={HostWrap} aText={VirtualBox is not currently allowed to access USB devices.  You can change this by adding your user to the 'vboxusers' group.  Please see the user manual for a more detailed explanation}, preserve=true  aResultDetail=0
00:03:30.533807 nspr-6   WARNING [COM]: aRC=NS_ERROR_FAILURE (0x80004005) aIID={16ced992-5fdc-4aba-aff5-6a39bbd7c38b} aComponent={HostWrap} aText={VirtualBox is not currently allowed to access USB devices.  You can change this by adding your user to the 'vboxusers' group.  Please see the user manual for a more detailed explanation}, preserve=true  aResultDetail=0
00:03:35.961798 nspr-7   Saving settings file "/home/s4ni7y/VirtualBox VMs/win10/mnt/WinDev2202Eval.vbox" with version "1.17-linux"
00:03:36.025975 nspr-4   WARNING [COM]: aRC=NS_ERROR_FAILURE (0x80004005) aIID={16ced992-5fdc-4aba-aff5-6a39bbd7c38b} aComponent={HostWrap} aText={VirtualBox is not currently allowed to access USB devices.  You can change this by adding your user to the 'vboxusers' group.  Please see the user manual for a more detailed explanation}, preserve=true  aResultDetail=0
00:03:36.026811 nspr-8   WARNING [COM]: aRC=NS_ERROR_FAILURE (0x80004005) aIID={16ced992-5fdc-4aba-aff5-6a39bbd7c38b} aComponent={HostWrap} aText={VirtualBox is not currently allowed to access USB devices.  You can change this by adding your user to the 'vboxusers' group.  Please see the user manual for a more detailed explanation}, preserve=true  aResultDetail=0
00:03:38.203226 nspr-9   Saving settings file "/home/s4ni7y/VirtualBox VMs/win10/mnt/WinDev2202Eval.vbox" with version "1.17-linux"
00:03:38.285030 nspr-9   WARNING [COM]: aRC=NS_ERROR_FAILURE (0x80004005) aIID={16ced992-5fdc-4aba-aff5-6a39bbd7c38b} aComponent={HostWrap} aText={VirtualBox is not currently allowed to access USB devices.  You can change this by adding your user to the 'vboxusers' group.  Please see the user manual for a more detailed explanation}, preserve=true  aResultDetail=0
00:03:38.285799 nspr-6   WARNING [COM]: aRC=NS_ERROR_FAILURE (0x80004005) aIID={16ced992-5fdc-4aba-aff5-6a39bbd7c38b} aComponent={HostWrap} aText={VirtualBox is not currently allowed to access USB devices.  You can change this by adding your user to the 'vboxusers' group.  Please see the user manual for a more detailed explanation}, preserve=true  aResultDetail=0
00:03:42.853071 nspr-7   Saving settings file "/home/s4ni7y/VirtualBox VMs/win10/mnt/WinDev2202Eval.vbox" with version "1.17-linux"
00:03:42.909433 nspr-3   WARNING [COM]: aRC=NS_ERROR_FAILURE (0x80004005) aIID={16ced992-5fdc-4aba-aff5-6a39bbd7c38b} aComponent={HostWrap} aText={VirtualBox is not currently allowed to access USB devices.  You can change this by adding your user to the 'vboxusers' group.  Please see the user manual for a more detailed explanation}, preserve=true  aResultDetail=0
00:03:42.910177 nspr-6   WARNING [COM]: aRC=NS_ERROR_FAILURE (0x80004005) aIID={16ced992-5fdc-4aba-aff5-6a39bbd7c38b} aComponent={HostWrap} aText={VirtualBox is not currently allowed to access USB devices.  You can change this by adding your user to the 'vboxusers' group.  Please see the user manual for a more detailed explanation}, preserve=true  aResultDetail=0
00:03:47.875278 nspr-9   Launched VM: 1946171328 pid: 63735 (0xf8f7) frontend: GUI/Qt name: WinDev2202Eval
00:03:47.940540 nspr-2   WARNING [COM]: aRC=NS_ERROR_FAILURE (0x80004005) aIID={16ced992-5fdc-4aba-aff5-6a39bbd7c38b} aComponent={HostWrap} aText={VirtualBox is not currently allowed to access USB devices.  You can change this by adding your user to the 'vboxusers' group.  Please see the user manual for a more detailed explanation}, preserve=true  aResultDetail=0
00:03:47.941433 nspr-9   WARNING [COM]: aRC=NS_ERROR_FAILURE (0x80004005) aIID={16ced992-5fdc-4aba-aff5-6a39bbd7c38b} aComponent={HostWrap} aText={VirtualBox is not currently allowed to access USB devices.  You can change this by adding your user to the 'vboxusers' group.  Please see the user manual for a more detailed explanation}, preserve=true  aResultDetail=0
00:03:48.047783 nspr-7   WARNING [COM]: aRC=NS_ERROR_FAILURE (0x80004005) aIID={16ced992-5fdc-4aba-aff5-6a39bbd7c38b} aComponent={HostWrap} aText={VirtualBox is not currently allowed to access USB devices.  You can change this by adding your user to the 'vboxusers' group.  Please see the user manual for a more detailed explanation}, preserve=true  aResultDetail=0
00:03:48.110133 nspr-3   WARNING [COM]: aRC=NS_ERROR_FAILURE (0x80004005) aIID={16ced992-5fdc-4aba-aff5-6a39bbd7c38b} aComponent={HostWrap} aText={VirtualBox is not currently allowed to access USB devices.  You can change this by adding your user to the 'vboxusers' group.  Please see the user manual for a more detailed explanation}, preserve=true  aResultDetail=0
00:03:48.111087 nspr-3   WARNING [COM]: aRC=NS_ERROR_FAILURE (0x80004005) aIID={16ced992-5fdc-4aba-aff5-6a39bbd7c38b} aComponent={HostWrap} aText={VirtualBox is not currently allowed to access USB devices.  You can change this by adding your user to the 'vboxusers' group.  Please see the user manual for a more detailed explanation}, preserve=true  aResultDetail=0
00:03:48.144436 nspr-3   WARNING [COM]: aRC=NS_ERROR_FAILURE (0x80004005) aIID={16ced992-5fdc-4aba-aff5-6a39bbd7c38b} aComponent={HostWrap} aText={VirtualBox is not currently allowed to access USB devices.  You can change this by adding your user to the 'vboxusers' group.  Please see the user manual for a more detailed explanation}, preserve=true  aResultDetail=0
00:03:48.145320 nspr-3   WARNING [COM]: aRC=NS_ERROR_FAILURE (0x80004005) aIID={16ced992-5fdc-4aba-aff5-6a39bbd7c38b} aComponent={HostWrap} aText={VirtualBox is not currently allowed to access USB devices.  You can change this by adding your user to the 'vboxusers' group.  Please see the user manual for a more detailed explanation}, preserve=true  aResultDetail=0
00:03:48.648667 nspr-4   WARNING [COM]: aRC=NS_ERROR_FAILURE (0x80004005) aIID={16ced992-5fdc-4aba-aff5-6a39bbd7c38b} aComponent={HostWrap} aText={VirtualBox is not currently allowed to access USB devices.  You can change this by adding your user to the 'vboxusers' group.  Please see the user manual for a more detailed explanation}, preserve=true  aResultDetail=0
00:03:48.649296 nspr-5   WARNING [COM]: aRC=NS_ERROR_FAILURE (0x80004005) aIID={16ced992-5fdc-4aba-aff5-6a39bbd7c38b} aComponent={HostWrap} aText={VirtualBox is not currently allowed to access USB devices.  You can change this by adding your user to the 'vboxusers' group.  Please see the user manual for a more detailed explanation}, preserve=true  aResultDetail=0
00:03:48.649470 nspr-2   ERROR [COM]: aRC=VBOX_E_OBJECT_NOT_FOUND (0x80bb0001) aIID={70401eef-c8e9-466b-9660-45cb3e9979e4} aComponent={ExtPackManagerWrap} aText={No extension pack by the name 'Oracle VM VirtualBox Extension Pack' was found}, preserve=false aResultDetail=0
00:03:48.679590 nspr-4   WARNING [COM]: aRC=NS_ERROR_FAILURE (0x80004005) aIID={16ced992-5fdc-4aba-aff5-6a39bbd7c38b} aComponent={HostWrap} aText={VirtualBox is not currently allowed to access USB devices.  You can change this by adding your user to the 'vboxusers' group.  Please see the user manual for a more detailed explanation}, preserve=true  aResultDetail=0
00:03:48.680065 nspr-6   WARNING [COM]: aRC=NS_ERROR_FAILURE (0x80004005) aIID={16ced992-5fdc-4aba-aff5-6a39bbd7c38b} aComponent={HostWrap} aText={VirtualBox is not currently allowed to access USB devices.  You can change this by adding your user to the 'vboxusers' group.  Please see the user manual for a more detailed explanation}, preserve=true  aResultDetail=0
00:03:48.697459 nspr-7   ERROR [COM]: aRC=VBOX_E_IPRT_ERROR (0x80bb0005) aIID={85632c68-b5bb-4316-a900-5eb28d3413df} aComponent={SessionMachine} aText={Saved screenshot data is not available (VERR_NOT_SUPPORTED)}, preserve=false aResultDetail=-37
00:03:48.714400 nspr-5   NetIfAdpCtlOut: VBoxNetAdpCtl: Error while retrieving link speed for wlan0: VBoxNetAdpCtl: ioctl failed: Operation not supported
00:03:48.757292 nspr-5   Saving settings file "/home/s4ni7y/VirtualBox VMs/win10/mnt/WinDev2202Eval.vbox" with version "1.17-linux"
00:03:48.764859 nspr-5   ERROR [COM]: aRC=NS_ERROR_FAILURE (0x80004005) aIID={ad47ad09-787b-44ab-b343-a082a3f2dfb1} aComponent={MediumWrap} aText={Could not open the medium '/home/s4ni7y/VirtualBox VMs/win10/mnt/Snapshots/{9c10c140-dd16-4b07-a747-ba07ce6b4933}.vdi'.
00:03:48.764864 nspr-5   VD: error VERR_FILE_NOT_FOUND opening image file '/home/s4ni7y/VirtualBox VMs/win10/mnt/Snapshots/{9c10c140-dd16-4b07-a747-ba07ce6b4933}.vdi' (VERR_FILE_NOT_FOUND)}, preserve=true  aResultDetail=0
00:03:48.765127 nspr-5   ERROR [COM]: aRC=NS_ERROR_FAILURE (0x80004005) aIID={ad47ad09-787b-44ab-b343-a082a3f2dfb1} aComponent={MediumWrap} aText={Could not open the medium '/home/s4ni7y/VirtualBox VMs/win10/mnt/Snapshots/{283f9460-8029-476f-b320-96a94c736737}.vdi'.
00:03:48.765131 nspr-5   VD: error VERR_FILE_NOT_FOUND opening image file '/home/s4ni7y/VirtualBox VMs/win10/mnt/Snapshots/{283f9460-8029-476f-b320-96a94c736737}.vdi' (VERR_FILE_NOT_FOUND)}, preserve=true  aResultDetail=0
00:03:48.765185 nspr-5   ERROR [COM]: aRC=NS_ERROR_FAILURE (0x80004005) aIID={ad47ad09-787b-44ab-b343-a082a3f2dfb1} aComponent={MediumWrap} aText={Could not open the medium '/home/s4ni7y/VirtualBox VMs/win10/mnt/Snapshots/{cb7dec0d-3170-4513-8018-353e838d0fef}.vdi'.
00:03:48.765187 nspr-5   VD: error VERR_FILE_NOT_FOUND opening image file '/home/s4ni7y/VirtualBox VMs/win10/mnt/Snapshots/{cb7dec0d-3170-4513-8018-353e838d0fef}.vdi' (VERR_FILE_NOT_FOUND)}, preserve=true  aResultDetail=0
00:03:48.765232 nspr-5   ERROR [COM]: aRC=NS_ERROR_FAILURE (0x80004005) aIID={ad47ad09-787b-44ab-b343-a082a3f2dfb1} aComponent={MediumWrap} aText={Could not open the medium '/home/s4ni7y/VirtualBox VMs/win10/mnt/Snapshots/{f2449274-7cf3-47fe-80db-6c91fee9f31d}.vdi'.
00:03:48.765234 nspr-5   VD: error VERR_FILE_NOT_FOUND opening image file '/home/s4ni7y/VirtualBox VMs/win10/mnt/Snapshots/{f2449274-7cf3-47fe-80db-6c91fee9f31d}.vdi' (VERR_FILE_NOT_FOUND)}, preserve=true  aResultDetail=0
00:03:48.765284 nspr-5   ERROR [COM]: aRC=NS_ERROR_FAILURE (0x80004005) aIID={ad47ad09-787b-44ab-b343-a082a3f2dfb1} aComponent={MediumWrap} aText={Could not open the medium '/home/s4ni7y/VirtualBox VMs/win10/mnt/Snapshots/{2745a1e3-5ab8-4063-a6f2-c24828f6ed00}.vdi'.
00:03:48.765286 nspr-5   VD: error VERR_FILE_NOT_FOUND opening image file '/home/s4ni7y/VirtualBox VMs/win10/mnt/Snapshots/{2745a1e3-5ab8-4063-a6f2-c24828f6ed00}.vdi' (VERR_FILE_NOT_FOUND)}, preserve=true  aResultDetail=0
00:03:48.769331 nspr-9   Saving settings file "/home/s4ni7y/VirtualBox VMs/win10/mnt/WinDev2202Eval.vbox" with version "1.17-linux"
00:03:49.388275 nspr-4   WARNING [COM]: aRC=NS_ERROR_FAILURE (0x80004005) aIID={16ced992-5fdc-4aba-aff5-6a39bbd7c38b} aComponent={HostWrap} aText={VirtualBox is not currently allowed to access USB devices.  You can change this by adding your user to the 'vboxusers' group.  Please see the user manual for a more detailed explanation}, preserve=true  aResultDetail=0
00:03:49.389104 nspr-8   WARNING [COM]: aRC=NS_ERROR_FAILURE (0x80004005) aIID={16ced992-5fdc-4aba-aff5-6a39bbd7c38b} aComponent={HostWrap} aText={VirtualBox is not currently allowed to access USB devices.  You can change this by adding your user to the 'vboxusers' group.  Please see the user manual for a more detailed explanation}, preserve=true  aResultDetail=0
00:03:49.839024 nspr-7   WARNING [COM]: aRC=NS_ERROR_FAILURE (0x80004005) aIID={16ced992-5fdc-4aba-aff5-6a39bbd7c38b} aComponent={HostWrap} aText={VirtualBox is not currently allowed to access USB devices.  You can change this by adding your user to the 'vboxusers' group.  Please see the user manual for a more detailed explanation}, preserve=true  aResultDetail=0
00:03:49.840615 nspr-4   WARNING [COM]: aRC=NS_ERROR_FAILURE (0x80004005) aIID={16ced992-5fdc-4aba-aff5-6a39bbd7c38b} aComponent={HostWrap} aText={VirtualBox is not currently allowed to access USB devices.  You can change this by adding your user to the 'vboxusers' group.  Please see the user manual for a more detailed explanation}, preserve=true  aResultDetail=0
00:03:52.987877 nspr-2   Saving settings file "/home/s4ni7y/.config/VirtualBox/VirtualBox.xml" with version "1.14-linux"
00:03:52.996284 nspr-3   Saving settings file "/home/s4ni7y/.config/VirtualBox/VirtualBox.xml" with version "1.14-linux"
00:03:56.375987 nspr-3   WARNING [COM]: aRC=NS_ERROR_FAILURE (0x80004005) aIID={16ced992-5fdc-4aba-aff5-6a39bbd7c38b} aComponent={HostWrap} aText={VirtualBox is not currently allowed to access USB devices.  You can change this by adding your user to the 'vboxusers' group.  Please see the user manual for a more detailed explanation}, preserve=true  aResultDetail=0
00:03:56.591547 nspr-8   WARNING [COM]: aRC=NS_ERROR_FAILURE (0x80004005) aIID={16ced992-5fdc-4aba-aff5-6a39bbd7c38b} aComponent={HostWrap} aText={VirtualBox is not currently allowed to access USB devices.  You can change this by adding your user to the 'vboxusers' group.  Please see the user manual for a more detailed explanation}, preserve=true  aResultDetail=0
00:03:56.592774 nspr-5   WARNING [COM]: aRC=NS_ERROR_FAILURE (0x80004005) aIID={16ced992-5fdc-4aba-aff5-6a39bbd7c38b} aComponent={HostWrap} aText={VirtualBox is not currently allowed to access USB devices.  You can change this by adding your user to the 'vboxusers' group.  Please see the user manual for a more detailed explanation}, preserve=true  aResultDetail=0
00:03:59.520541 nspr-5   WARNING [COM]: aRC=NS_ERROR_FAILURE (0x80004005) aIID={16ced992-5fdc-4aba-aff5-6a39bbd7c38b} aComponent={HostWrap} aText={VirtualBox is not currently allowed to access USB devices.  You can change this by adding your user to the 'vboxusers' group.  Please see the user manual for a more detailed explanation}, preserve=true  aResultDetail=0
00:04:00.067536 nspr-3   NetIfAdpCtlOut: VBoxNetAdpCtl: Error while retrieving link speed for wlan0: VBoxNetAdpCtl: ioctl failed: Operation not supported
00:04:00.088128 nspr-6   NetIfAdpCtlOut: VBoxNetAdpCtl: Error while retrieving link speed for wlan0: VBoxNetAdpCtl: ioctl failed: Operation not supported
00:04:00.105942 nspr-4   WARNING [COM]: aRC=NS_ERROR_FAILURE (0x80004005) aIID={16ced992-5fdc-4aba-aff5-6a39bbd7c38b} aComponent={HostWrap} aText={VirtualBox is not currently allowed to access USB devices.  You can change this by adding your user to the 'vboxusers' group.  Please see the user manual for a more detailed explanation}, preserve=true  aResultDetail=0
00:04:00.106252 nspr-7   WARNING [COM]: aRC=NS_ERROR_FAILURE (0x80004005) aIID={16ced992-5fdc-4aba-aff5-6a39bbd7c38b} aComponent={HostWrap} aText={VirtualBox is not currently allowed to access USB devices.  You can change this by adding your user to the 'vboxusers' group.  Please see the user manual for a more detailed explanation}, preserve=true  aResultDetail=0
00:04:00.190504 nspr-7   WARNING [COM]: aRC=NS_ERROR_FAILURE (0x80004005) aIID={16ced992-5fdc-4aba-aff5-6a39bbd7c38b} aComponent={HostWrap} aText={VirtualBox is not currently allowed to access USB devices.  You can change this by adding your user to the 'vboxusers' group.  Please see the user manual for a more detailed explanation}, preserve=true  aResultDetail=0
00:04:00.191290 nspr-6   WARNING [COM]: aRC=NS_ERROR_FAILURE (0x80004005) aIID={16ced992-5fdc-4aba-aff5-6a39bbd7c38b} aComponent={HostWrap} aText={VirtualBox is not currently allowed to access USB devices.  You can change this by adding your user to the 'vboxusers' group.  Please see the user manual for a more detailed explanation}, preserve=true  aResultDetail=0
00:04:16.523143 nspr-3   ERROR [COM]: aRC=VBOX_E_OBJECT_NOT_FOUND (0x80bb0001) aIID={85632c68-b5bb-4316-a900-5eb28d3413df} aComponent={SessionMachine} aText={No storage device attached to device slot 0 on port 0 of controller 'SATA'}, preserve=false aResultDetail=0
00:04:16.560136 nspr-6   WARNING [COM]: aRC=NS_ERROR_FAILURE (0x80004005) aIID={16ced992-5fdc-4aba-aff5-6a39bbd7c38b} aComponent={HostWrap} aText={VirtualBox is not currently allowed to access USB devices.  You can change this by adding your user to the 'vboxusers' group.  Please see the user manual for a more detailed explanation}, preserve=true  aResultDetail=0
00:04:16.560663 nspr-5   Saving settings file "/home/s4ni7y/VirtualBox VMs/win10/mnt/WinDev2202Eval.vbox" with version "1.17-linux"
00:04:16.630721 nspr-7   WARNING [COM]: aRC=NS_ERROR_FAILURE (0x80004005) aIID={16ced992-5fdc-4aba-aff5-6a39bbd7c38b} aComponent={HostWrap} aText={VirtualBox is not currently allowed to access USB devices.  You can change this by adding your user to the 'vboxusers' group.  Please see the user manual for a more detailed explanation}, preserve=true  aResultDetail=0
00:04:16.632160 nspr-2   WARNING [COM]: aRC=NS_ERROR_FAILURE (0x80004005) aIID={16ced992-5fdc-4aba-aff5-6a39bbd7c38b} aComponent={HostWrap} aText={VirtualBox is not currently allowed to access USB devices.  You can change this by adding your user to the 'vboxusers' group.  Please see the user manual for a more detailed explanation}, preserve=true  aResultDetail=0
00:04:21.021657 nspr-9   WARNING [COM]: aRC=NS_ERROR_FAILURE (0x80004005) aIID={16ced992-5fdc-4aba-aff5-6a39bbd7c38b} aComponent={HostWrap} aText={VirtualBox is not currently allowed to access USB devices.  You can change this by adding your user to the 'vboxusers' group.  Please see the user manual for a more detailed explanation}, preserve=true  aResultDetail=0
00:04:21.569472 nspr-6   NetIfAdpCtlOut: VBoxNetAdpCtl: Error while retrieving link speed for wlan0: VBoxNetAdpCtl: ioctl failed: Operation not supported
00:04:21.590795 nspr-6   NetIfAdpCtlOut: VBoxNetAdpCtl: Error while retrieving link speed for wlan0: VBoxNetAdpCtl: ioctl failed: Operation not supported
00:04:21.610023 nspr-7   WARNING [COM]: aRC=NS_ERROR_FAILURE (0x80004005) aIID={16ced992-5fdc-4aba-aff5-6a39bbd7c38b} aComponent={HostWrap} aText={VirtualBox is not currently allowed to access USB devices.  You can change this by adding your user to the 'vboxusers' group.  Please see the user manual for a more detailed explanation}, preserve=true  aResultDetail=0
00:04:21.610409 nspr-9   WARNING [COM]: aRC=NS_ERROR_FAILURE (0x80004005) aIID={16ced992-5fdc-4aba-aff5-6a39bbd7c38b} aComponent={HostWrap} aText={VirtualBox is not currently allowed to access USB devices.  You can change this by adding your user to the 'vboxusers' group.  Please see the user manual for a more detailed explanation}, preserve=true  aResultDetail=0
00:04:21.705031 nspr-4   WARNING [COM]: aRC=NS_ERROR_FAILURE (0x80004005) aIID={16ced992-5fdc-4aba-aff5-6a39bbd7c38b} aComponent={HostWrap} aText={VirtualBox is not currently allowed to access USB devices.  You can change this by adding your user to the 'vboxusers' group.  Please see the user manual for a more detailed explanation}, preserve=true  aResultDetail=0
00:04:21.706023 nspr-7   WARNING [COM]: aRC=NS_ERROR_FAILURE (0x80004005) aIID={16ced992-5fdc-4aba-aff5-6a39bbd7c38b} aComponent={HostWrap} aText={VirtualBox is not currently allowed to access USB devices.  You can change this by adding your user to the 'vboxusers' group.  Please see the user manual for a more detailed explanation}, preserve=true  aResultDetail=0
00:04:57.619542 nspr-2   WARNING [COM]: aRC=NS_ERROR_FAILURE (0x80004005) aIID={16ced992-5fdc-4aba-aff5-6a39bbd7c38b} aComponent={HostWrap} aText={VirtualBox is not currently allowed to access USB devices.  You can change this by adding your user to the 'vboxusers' group.  Please see the user manual for a more detailed explanation}, preserve=true  aResultDetail=0
00:04:57.620109 nspr-7   Saving settings file "/home/s4ni7y/VirtualBox VMs/win10/mnt/WinDev2202Eval.vbox" with version "1.17-linux"
00:04:57.681503 nspr-9   WARNING [COM]: aRC=NS_ERROR_FAILURE (0x80004005) aIID={16ced992-5fdc-4aba-aff5-6a39bbd7c38b} aComponent={HostWrap} aText={VirtualBox is not currently allowed to access USB devices.  You can change this by adding your user to the 'vboxusers' group.  Please see the user manual for a more detailed explanation}, preserve=true  aResultDetail=0
00:04:57.682293 nspr-8   WARNING [COM]: aRC=NS_ERROR_FAILURE (0x80004005) aIID={16ced992-5fdc-4aba-aff5-6a39bbd7c38b} aComponent={HostWrap} aText={VirtualBox is not currently allowed to access USB devices.  You can change this by adding your user to the 'vboxusers' group.  Please see the user manual for a more detailed explanation}, preserve=true  aResultDetail=0
00:05:00.236041 nspr-8   WARNING [COM]: aRC=NS_ERROR_FAILURE (0x80004005) aIID={16ced992-5fdc-4aba-aff5-6a39bbd7c38b} aComponent={HostWrap} aText={VirtualBox is not currently allowed to access USB devices.  You can change this by adding your user to the 'vboxusers' group.  Please see the user manual for a more detailed explanation}, preserve=true  aResultDetail=0
00:05:00.260793 nspr-9   WARNING [COM]: aRC=NS_ERROR_FAILURE (0x80004005) aIID={16ced992-5fdc-4aba-aff5-6a39bbd7c38b} aComponent={HostWrap} aText={VirtualBox is not currently allowed to access USB devices.  You can change this by adding your user to the 'vboxusers' group.  Please see the user manual for a more detailed explanation}, preserve=true  aResultDetail=0
00:05:00.261844 nspr-7   WARNING [COM]: aRC=NS_ERROR_FAILURE (0x80004005) aIID={16ced992-5fdc-4aba-aff5-6a39bbd7c38b} aComponent={HostWrap} aText={VirtualBox is not currently allowed to access USB devices.  You can change this by adding your user to the 'vboxusers' group.  Please see the user manual for a more detailed explanation}, preserve=true  aResultDetail=0
00:05:00.684840 nspr-3   WARNING [COM]: aRC=NS_ERROR_FAILURE (0x80004005) aIID={16ced992-5fdc-4aba-aff5-6a39bbd7c38b} aComponent={HostWrap} aText={VirtualBox is not currently allowed to access USB devices.  You can change this by adding your user to the 'vboxusers' group.  Please see the user manual for a more detailed explanation}, preserve=true  aResultDetail=0
00:05:01.231449 nspr-7   NetIfAdpCtlOut: VBoxNetAdpCtl: Error while retrieving link speed for wlan0: VBoxNetAdpCtl: ioctl failed: Operation not supported
00:05:01.252529 nspr-6   NetIfAdpCtlOut: VBoxNetAdpCtl: Error while retrieving link speed for wlan0: VBoxNetAdpCtl: ioctl failed: Operation not supported
00:05:01.276043 nspr-9   WARNING [COM]: aRC=NS_ERROR_FAILURE (0x80004005) aIID={16ced992-5fdc-4aba-aff5-6a39bbd7c38b} aComponent={HostWrap} aText={VirtualBox is not currently allowed to access USB devices.  You can change this by adding your user to the 'vboxusers' group.  Please see the user manual for a more detailed explanation}, preserve=true  aResultDetail=0
00:05:01.276440 nspr-3   WARNING [COM]: aRC=NS_ERROR_FAILURE (0x80004005) aIID={16ced992-5fdc-4aba-aff5-6a39bbd7c38b} aComponent={HostWrap} aText={VirtualBox is not currently allowed to access USB devices.  You can change this by adding your user to the 'vboxusers' group.  Please see the user manual for a more detailed explanation}, preserve=true  aResultDetail=0
00:05:01.344518 nspr-4   WARNING [COM]: aRC=NS_ERROR_FAILURE (0x80004005) aIID={16ced992-5fdc-4aba-aff5-6a39bbd7c38b} aComponent={HostWrap} aText={VirtualBox is not currently allowed to access USB devices.  You can change this by adding your user to the 'vboxusers' group.  Please see the user manual for a more detailed explanation}, preserve=true  aResultDetail=0
00:05:01.345269 nspr-6   WARNING [COM]: aRC=NS_ERROR_FAILURE (0x80004005) aIID={16ced992-5fdc-4aba-aff5-6a39bbd7c38b} aComponent={HostWrap} aText={VirtualBox is not currently allowed to access USB devices.  You can change this by adding your user to the 'vboxusers' group.  Please see the user manual for a more detailed explanation}, preserve=true  aResultDetail=0
00:05:12.975127 nspr-6   ERROR [COM]: aRC=VBOX_E_OBJECT_NOT_FOUND (0x80bb0001) aIID={85632c68-b5bb-4316-a900-5eb28d3413df} aComponent={SessionMachine} aText={Could not find a storage controller named 'AHCI'}, preserve=false aResultDetail=0
00:05:12.977268 nspr-2   ERROR [COM]: aRC=VBOX_E_OBJECT_NOT_FOUND (0x80bb0001) aIID={85632c68-b5bb-4316-a900-5eb28d3413df} aComponent={SessionMachine} aText={No storage device attached to device slot 0 on port 0 of controller 'AHCI'}, preserve=false aResultDetail=0
00:05:12.979070 nspr-7   ERROR [COM]: aRC=NS_ERROR_FAILURE (0x80004005) aIID={ad47ad09-787b-44ab-b343-a082a3f2dfb1} aComponent={MediumWrap} aText={Could not open the medium '/home/s4ni7y/VirtualBox VMs/win10/mnt/Snapshots/{283f9460-8029-476f-b320-96a94c736737}.vdi'.
00:05:12.979082 nspr-7   VD: error VERR_FILE_NOT_FOUND opening image file '/home/s4ni7y/VirtualBox VMs/win10/mnt/Snapshots/{283f9460-8029-476f-b320-96a94c736737}.vdi' (VERR_FILE_NOT_FOUND)}, preserve=true  aResultDetail=0
00:05:12.979253 nspr-7   ERROR [COM]: aRC=NS_ERROR_FAILURE (0x80004005) aIID={ad47ad09-787b-44ab-b343-a082a3f2dfb1} aComponent={MediumWrap} aText={Could not open the medium '/home/s4ni7y/VirtualBox VMs/win10/mnt/Snapshots/{cb7dec0d-3170-4513-8018-353e838d0fef}.vdi'.
00:05:12.979258 nspr-7   VD: error VERR_FILE_NOT_FOUND opening image file '/home/s4ni7y/VirtualBox VMs/win10/mnt/Snapshots/{cb7dec0d-3170-4513-8018-353e838d0fef}.vdi' (VERR_FILE_NOT_FOUND)}, preserve=true  aResultDetail=0
00:05:12.979322 nspr-7   ERROR [COM]: aRC=NS_ERROR_FAILURE (0x80004005) aIID={ad47ad09-787b-44ab-b343-a082a3f2dfb1} aComponent={MediumWrap} aText={Could not open the medium '/home/s4ni7y/VirtualBox VMs/win10/mnt/Snapshots/{f2449274-7cf3-47fe-80db-6c91fee9f31d}.vdi'.
00:05:12.979326 nspr-7   VD: error VERR_FILE_NOT_FOUND opening image file '/home/s4ni7y/VirtualBox VMs/win10/mnt/Snapshots/{f2449274-7cf3-47fe-80db-6c91fee9f31d}.vdi' (VERR_FILE_NOT_FOUND)}, preserve=true  aResultDetail=0
00:05:12.979395 nspr-7   ERROR [COM]: aRC=NS_ERROR_FAILURE (0x80004005) aIID={ad47ad09-787b-44ab-b343-a082a3f2dfb1} aComponent={MediumWrap} aText={Could not open the medium '/home/s4ni7y/VirtualBox VMs/win10/mnt/Snapshots/{2745a1e3-5ab8-4063-a6f2-c24828f6ed00}.vdi'.
00:05:12.979399 nspr-7   VD: error VERR_FILE_NOT_FOUND opening image file '/home/s4ni7y/VirtualBox VMs/win10/mnt/Snapshots/{2745a1e3-5ab8-4063-a6f2-c24828f6ed00}.vdi' (VERR_FILE_NOT_FOUND)}, preserve=true  aResultDetail=0
00:05:13.029934 nspr-5   WARNING [COM]: aRC=NS_ERROR_FAILURE (0x80004005) aIID={16ced992-5fdc-4aba-aff5-6a39bbd7c38b} aComponent={HostWrap} aText={VirtualBox is not currently allowed to access USB devices.  You can change this by adding your user to the 'vboxusers' group.  Please see the user manual for a more detailed explanation}, preserve=true  aResultDetail=0
00:05:13.030728 nspr-6   WARNING [COM]: aRC=NS_ERROR_FAILURE (0x80004005) aIID={16ced992-5fdc-4aba-aff5-6a39bbd7c38b} aComponent={HostWrap} aText={VirtualBox is not currently allowed to access USB devices.  You can change this by adding your user to the 'vboxusers' group.  Please see the user manual for a more detailed explanation}, preserve=true  aResultDetail=0
00:05:25.470213 nspr-3   WARNING [COM]: aRC=NS_ERROR_FAILURE (0x80004005) aIID={16ced992-5fdc-4aba-aff5-6a39bbd7c38b} aComponent={HostWrap} aText={VirtualBox is not currently allowed to access USB devices.  You can change this by adding your user to the 'vboxusers' group.  Please see the user manual for a more detailed explanation}, preserve=true  aResultDetail=0
00:05:25.471083 nspr-9   WARNING [COM]: aRC=NS_ERROR_FAILURE (0x80004005) aIID={16ced992-5fdc-4aba-aff5-6a39bbd7c38b} aComponent={HostWrap} aText={VirtualBox is not currently allowed to access USB devices.  You can change this by adding your user to the 'vboxusers' group.  Please see the user manual for a more detailed explanation}, preserve=true  aResultDetail=0
00:05:27.087216 nspr-4   ERROR [COM]: aRC=VBOX_E_OBJECT_NOT_FOUND (0x80bb0001) aIID={85632c68-b5bb-4316-a900-5eb28d3413df} aComponent={SessionMachine} aText={Could not find a storage controller named 'AHCI'}, preserve=false aResultDetail=0
00:05:27.091696 nspr-7   ERROR [COM]: aRC=VBOX_E_OBJECT_NOT_FOUND (0x80bb0001) aIID={85632c68-b5bb-4316-a900-5eb28d3413df} aComponent={SessionMachine} aText={No storage device attached to device slot 0 on port 0 of controller 'AHCI'}, preserve=false aResultDetail=0
00:05:27.093746 nspr-5   ERROR [COM]: aRC=NS_ERROR_FAILURE (0x80004005) aIID={ad47ad09-787b-44ab-b343-a082a3f2dfb1} aComponent={MediumWrap} aText={Could not open the medium '/home/s4ni7y/VirtualBox VMs/win10/mnt/Snapshots/{283f9460-8029-476f-b320-96a94c736737}.vdi'.
00:05:27.093753 nspr-5   VD: error VERR_FILE_NOT_FOUND opening image file '/home/s4ni7y/VirtualBox VMs/win10/mnt/Snapshots/{283f9460-8029-476f-b320-96a94c736737}.vdi' (VERR_FILE_NOT_FOUND)}, preserve=true  aResultDetail=0
00:05:27.093892 nspr-5   ERROR [COM]: aRC=NS_ERROR_FAILURE (0x80004005) aIID={ad47ad09-787b-44ab-b343-a082a3f2dfb1} aComponent={MediumWrap} aText={Could not open the medium '/home/s4ni7y/VirtualBox VMs/win10/mnt/Snapshots/{cb7dec0d-3170-4513-8018-353e838d0fef}.vdi'.
00:05:27.093898 nspr-5   VD: error VERR_FILE_NOT_FOUND opening image file '/home/s4ni7y/VirtualBox VMs/win10/mnt/Snapshots/{cb7dec0d-3170-4513-8018-353e838d0fef}.vdi' (VERR_FILE_NOT_FOUND)}, preserve=true  aResultDetail=0
00:05:27.094007 nspr-5   ERROR [COM]: aRC=NS_ERROR_FAILURE (0x80004005) aIID={ad47ad09-787b-44ab-b343-a082a3f2dfb1} aComponent={MediumWrap} aText={Could not open the medium '/home/s4ni7y/VirtualBox VMs/win10/mnt/Snapshots/{f2449274-7cf3-47fe-80db-6c91fee9f31d}.vdi'.
00:05:27.094013 nspr-5   VD: error VERR_FILE_NOT_FOUND opening image file '/home/s4ni7y/VirtualBox VMs/win10/mnt/Snapshots/{f2449274-7cf3-47fe-80db-6c91fee9f31d}.vdi' (VERR_FILE_NOT_FOUND)}, preserve=true  aResultDetail=0
00:05:27.094127 nspr-5   ERROR [COM]: aRC=NS_ERROR_FAILURE (0x80004005) aIID={ad47ad09-787b-44ab-b343-a082a3f2dfb1} aComponent={MediumWrap} aText={Could not open the medium '/home/s4ni7y/VirtualBox VMs/win10/mnt/Snapshots/{2745a1e3-5ab8-4063-a6f2-c24828f6ed00}.vdi'.
00:05:27.094133 nspr-5   VD: error VERR_FILE_NOT_FOUND opening image file '/home/s4ni7y/VirtualBox VMs/win10/mnt/Snapshots/{2745a1e3-5ab8-4063-a6f2-c24828f6ed00}.vdi' (VERR_FILE_NOT_FOUND)}, preserve=true  aResultDetail=0
00:05:27.151020 nspr-2   WARNING [COM]: aRC=NS_ERROR_FAILURE (0x80004005) aIID={16ced992-5fdc-4aba-aff5-6a39bbd7c38b} aComponent={HostWrap} aText={VirtualBox is not currently allowed to access USB devices.  You can change this by adding your user to the 'vboxusers' group.  Please see the user manual for a more detailed explanation}, preserve=true  aResultDetail=0
00:05:27.151878 nspr-4   WARNING [COM]: aRC=NS_ERROR_FAILURE (0x80004005) aIID={16ced992-5fdc-4aba-aff5-6a39bbd7c38b} aComponent={HostWrap} aText={VirtualBox is not currently allowed to access USB devices.  You can change this by adding your user to the 'vboxusers' group.  Please see the user manual for a more detailed explanation}, preserve=true  aResultDetail=0
00:05:32.029659 nspr-3   WARNING [COM]: aRC=NS_ERROR_FAILURE (0x80004005) aIID={16ced992-5fdc-4aba-aff5-6a39bbd7c38b} aComponent={HostWrap} aText={VirtualBox is not currently allowed to access USB devices.  You can change this by adding your user to the 'vboxusers' group.  Please see the user manual for a more detailed explanation}, preserve=true  aResultDetail=0
00:05:32.030763 nspr-2   WARNING [COM]: aRC=NS_ERROR_FAILURE (0x80004005) aIID={16ced992-5fdc-4aba-aff5-6a39bbd7c38b} aComponent={HostWrap} aText={VirtualBox is not currently allowed to access USB devices.  You can change this by adding your user to the 'vboxusers' group.  Please see the user manual for a more detailed explanation}, preserve=true  aResultDetail=0
00:05:37.425055 nspr-9   WARNING [COM]: aRC=NS_ERROR_FAILURE (0x80004005) aIID={16ced992-5fdc-4aba-aff5-6a39bbd7c38b} aComponent={HostWrap} aText={VirtualBox is not currently allowed to access USB devices.  You can change this by adding your user to the 'vboxusers' group.  Please see the user manual for a more detailed explanation}, preserve=true  aResultDetail=0
00:05:37.973440 nspr-5   NetIfAdpCtlOut: VBoxNetAdpCtl: Error while retrieving link speed for wlan0: VBoxNetAdpCtl: ioctl failed: Operation not supported
00:05:37.996301 nspr-9   NetIfAdpCtlOut: VBoxNetAdpCtl: Error while retrieving link speed for wlan0: VBoxNetAdpCtl: ioctl failed: Operation not supported
00:05:38.021205 nspr-4   WARNING [COM]: aRC=NS_ERROR_FAILURE (0x80004005) aIID={16ced992-5fdc-4aba-aff5-6a39bbd7c38b} aComponent={HostWrap} aText={VirtualBox is not currently allowed to access USB devices.  You can change this by adding your user to the 'vboxusers' group.  Please see the user manual for a more detailed explanation}, preserve=true  aResultDetail=0
00:05:38.021830 nspr-7   WARNING [COM]: aRC=NS_ERROR_FAILURE (0x80004005) aIID={16ced992-5fdc-4aba-aff5-6a39bbd7c38b} aComponent={HostWrap} aText={VirtualBox is not currently allowed to access USB devices.  You can change this by adding your user to the 'vboxusers' group.  Please see the user manual for a more detailed explanation}, preserve=true  aResultDetail=0
00:05:38.084592 nspr-6   WARNING [COM]: aRC=NS_ERROR_FAILURE (0x80004005) aIID={16ced992-5fdc-4aba-aff5-6a39bbd7c38b} aComponent={HostWrap} aText={VirtualBox is not currently allowed to access USB devices.  You can change this by adding your user to the 'vboxusers' group.  Please see the user manual for a more detailed explanation}, preserve=true  aResultDetail=0
00:05:38.085477 nspr-9   WARNING [COM]: aRC=NS_ERROR_FAILURE (0x80004005) aIID={16ced992-5fdc-4aba-aff5-6a39bbd7c38b} aComponent={HostWrap} aText={VirtualBox is not currently allowed to access USB devices.  You can change this by adding your user to the 'vboxusers' group.  Please see the user manual for a more detailed explanation}, preserve=true  aResultDetail=0
00:05:52.198635 nspr-4   ERROR [COM]: aRC=VBOX_E_OBJECT_NOT_FOUND (0x80bb0001) aIID={85632c68-b5bb-4316-a900-5eb28d3413df} aComponent={SessionMachine} aText={Could not find a storage controller named 'AHCI'}, preserve=false aResultDetail=0
00:05:52.201275 nspr-7   ERROR [COM]: aRC=VBOX_E_OBJECT_NOT_FOUND (0x80bb0001) aIID={85632c68-b5bb-4316-a900-5eb28d3413df} aComponent={SessionMachine} aText={No storage device attached to device slot 0 on port 0 of controller 'AHCI'}, preserve=false aResultDetail=0
00:05:52.203050 nspr-5   ERROR [COM]: aRC=NS_ERROR_FAILURE (0x80004005) aIID={ad47ad09-787b-44ab-b343-a082a3f2dfb1} aComponent={MediumWrap} aText={Could not open the medium '/home/s4ni7y/VirtualBox VMs/win10/mnt/Snapshots/{283f9460-8029-476f-b320-96a94c736737}.vdi'.
00:05:52.203058 nspr-5   VD: error VERR_FILE_NOT_FOUND opening image file '/home/s4ni7y/VirtualBox VMs/win10/mnt/Snapshots/{283f9460-8029-476f-b320-96a94c736737}.vdi' (VERR_FILE_NOT_FOUND)}, preserve=true  aResultDetail=0
00:05:52.203207 nspr-5   ERROR [COM]: aRC=NS_ERROR_FAILURE (0x80004005) aIID={ad47ad09-787b-44ab-b343-a082a3f2dfb1} aComponent={MediumWrap} aText={Could not open the medium '/home/s4ni7y/VirtualBox VMs/win10/mnt/Snapshots/{cb7dec0d-3170-4513-8018-353e838d0fef}.vdi'.
00:05:52.203214 nspr-5   VD: error VERR_FILE_NOT_FOUND opening image file '/home/s4ni7y/VirtualBox VMs/win10/mnt/Snapshots/{cb7dec0d-3170-4513-8018-353e838d0fef}.vdi' (VERR_FILE_NOT_FOUND)}, preserve=true  aResultDetail=0
00:05:52.203328 nspr-5   ERROR [COM]: aRC=NS_ERROR_FAILURE (0x80004005) aIID={ad47ad09-787b-44ab-b343-a082a3f2dfb1} aComponent={MediumWrap} aText={Could not open the medium '/home/s4ni7y/VirtualBox VMs/win10/mnt/Snapshots/{f2449274-7cf3-47fe-80db-6c91fee9f31d}.vdi'.
00:05:52.203334 nspr-5   VD: error VERR_FILE_NOT_FOUND opening image file '/home/s4ni7y/VirtualBox VMs/win10/mnt/Snapshots/{f2449274-7cf3-47fe-80db-6c91fee9f31d}.vdi' (VERR_FILE_NOT_FOUND)}, preserve=true  aResultDetail=0
00:05:52.203439 nspr-5   ERROR [COM]: aRC=NS_ERROR_FAILURE (0x80004005) aIID={ad47ad09-787b-44ab-b343-a082a3f2dfb1} aComponent={MediumWrap} aText={Could not open the medium '/home/s4ni7y/VirtualBox VMs/win10/mnt/Snapshots/{2745a1e3-5ab8-4063-a6f2-c24828f6ed00}.vdi'.
00:05:52.203443 nspr-5   VD: error VERR_FILE_NOT_FOUND opening image file '/home/s4ni7y/VirtualBox VMs/win10/mnt/Snapshots/{2745a1e3-5ab8-4063-a6f2-c24828f6ed00}.vdi' (VERR_FILE_NOT_FOUND)}, preserve=true  aResultDetail=0
00:05:52.256854 nspr-5   WARNING [COM]: aRC=NS_ERROR_FAILURE (0x80004005) aIID={16ced992-5fdc-4aba-aff5-6a39bbd7c38b} aComponent={HostWrap} aText={VirtualBox is not currently allowed to access USB devices.  You can change this by adding your user to the 'vboxusers' group.  Please see the user manual for a more detailed explanation}, preserve=true  aResultDetail=0
00:05:52.257616 nspr-6   WARNING [COM]: aRC=NS_ERROR_FAILURE (0x80004005) aIID={16ced992-5fdc-4aba-aff5-6a39bbd7c38b} aComponent={HostWrap} aText={VirtualBox is not currently allowed to access USB devices.  You can change this by adding your user to the 'vboxusers' group.  Please see the user manual for a more detailed explanation}, preserve=true  aResultDetail=0
00:05:54.159161 nspr-8   WARNING [COM]: aRC=NS_ERROR_FAILURE (0x80004005) aIID={16ced992-5fdc-4aba-aff5-6a39bbd7c38b} aComponent={HostWrap} aText={VirtualBox is not currently allowed to access USB devices.  You can change this by adding your user to the 'vboxusers' group.  Please see the user manual for a more detailed explanation}, preserve=true  aResultDetail=0
00:05:54.160301 nspr-4   WARNING [COM]: aRC=NS_ERROR_FAILURE (0x80004005) aIID={16ced992-5fdc-4aba-aff5-6a39bbd7c38b} aComponent={HostWrap} aText={VirtualBox is not currently allowed to access USB devices.  You can change this by adding your user to the 'vboxusers' group.  Please see the user manual for a more detailed explanation}, preserve=true  aResultDetail=0
00:06:00.384855 nspr-3   WARNING [COM]: aRC=NS_ERROR_FAILURE (0x80004005) aIID={16ced992-5fdc-4aba-aff5-6a39bbd7c38b} aComponent={HostWrap} aText={VirtualBox is not currently allowed to access USB devices.  You can change this by adding your user to the 'vboxusers' group.  Please see the user manual for a more detailed explanation}, preserve=true  aResultDetail=0
00:06:00.385722 nspr-5   WARNING [COM]: aRC=NS_ERROR_FAILURE (0x80004005) aIID={16ced992-5fdc-4aba-aff5-6a39bbd7c38b} aComponent={HostWrap} aText={VirtualBox is not currently allowed to access USB devices.  You can change this by adding your user to the 'vboxusers' group.  Please see the user manual for a more detailed explanation}, preserve=true  aResultDetail=0
00:06:00.808591 nspr-4   WARNING [COM]: aRC=NS_ERROR_FAILURE (0x80004005) aIID={16ced992-5fdc-4aba-aff5-6a39bbd7c38b} aComponent={HostWrap} aText={VirtualBox is not currently allowed to access USB devices.  You can change this by adding your user to the 'vboxusers' group.  Please see the user manual for a more detailed explanation}, preserve=true  aResultDetail=0
00:06:00.809226 nspr-3   WARNING [COM]: aRC=NS_ERROR_FAILURE (0x80004005) aIID={16ced992-5fdc-4aba-aff5-6a39bbd7c38b} aComponent={HostWrap} aText={VirtualBox is not currently allowed to access USB devices.  You can change this by adding your user to the 'vboxusers' group.  Please see the user manual for a more detailed explanation}, preserve=true  aResultDetail=0
00:06:00.983051 nspr-3   WARNING [COM]: aRC=NS_ERROR_FAILURE (0x80004005) aIID={16ced992-5fdc-4aba-aff5-6a39bbd7c38b} aComponent={HostWrap} aText={VirtualBox is not currently allowed to access USB devices.  You can change this by adding your user to the 'vboxusers' group.  Please see the user manual for a more detailed explanation}, preserve=true  aResultDetail=0
00:06:00.984219 nspr-7   WARNING [COM]: aRC=NS_ERROR_FAILURE (0x80004005) aIID={16ced992-5fdc-4aba-aff5-6a39bbd7c38b} aComponent={HostWrap} aText={VirtualBox is not currently allowed to access USB devices.  You can change this by adding your user to the 'vboxusers' group.  Please see the user manual for a more detailed explanation}, preserve=true  aResultDetail=0
00:06:01.145695 nspr-8   WARNING [COM]: aRC=NS_ERROR_FAILURE (0x80004005) aIID={16ced992-5fdc-4aba-aff5-6a39bbd7c38b} aComponent={HostWrap} aText={VirtualBox is not currently allowed to access USB devices.  You can change this by adding your user to the 'vboxusers' group.  Please see the user manual for a more detailed explanation}, preserve=true  aResultDetail=0
00:06:01.147219 nspr-3   WARNING [COM]: aRC=NS_ERROR_FAILURE (0x80004005) aIID={16ced992-5fdc-4aba-aff5-6a39bbd7c38b} aComponent={HostWrap} aText={VirtualBox is not currently allowed to access USB devices.  You can change this by adding your user to the 'vboxusers' group.  Please see the user manual for a more detailed explanation}, preserve=true  aResultDetail=0
00:06:09.348742 nspr-8   Saving settings file "/home/s4ni7y/.config/VirtualBox/VirtualBox.xml" with version "1.14-linux"
00:06:09.369052 nspr-3   Saving settings file "/home/s4ni7y/.config/VirtualBox/VirtualBox.xml" with version "1.14-linux"
00:06:21.956927 nspr-4   Saving settings file "/home/s4ni7y/.config/VirtualBox/VirtualBox.xml" with version "1.14-linux"
00:06:21.972249 DeleteVM ERROR [COM]: aRC=NS_ERROR_FAILURE (0x80004005) aIID={ad47ad09-787b-44ab-b343-a082a3f2dfb1} aComponent={MediumWrap} aText={Could not open the medium '/home/s4ni7y/VirtualBox VMs/win10/mnt/Snapshots/{2745a1e3-5ab8-4063-a6f2-c24828f6ed00}.vdi'.
00:06:21.972264 DeleteVM VD: error VERR_FILE_NOT_FOUND opening image file '/home/s4ni7y/VirtualBox VMs/win10/mnt/Snapshots/{2745a1e3-5ab8-4063-a6f2-c24828f6ed00}.vdi' (VERR_FILE_NOT_FOUND)}, preserve=true  aResultDetail=0
